D:\ERROR_NON_31\DEBUG\TEST.OBJ
D:\ERROR_NON_31\DEBUG\VC110.PDB
D:\ERROR_NON_31(1)\DEBUG\TEST.OBJ
D:\ERROR_NON_31(1)\DEBUG\VC110.PDB
D:\ERROR_NON_31\DEBUG\ERROR_NON_31.ILK
D:\ERROR_NON_31\DEBUG\ERROR_NON_31.EXE
D:\ERROR_NON_31\DEBUG\ERROR_NON_31.PDB
D:\ERROR_NON_31(1)\DEBUG\ERROR_NON_31.ILK
D:\ERROR_NON_31(1)\DEBUG\ERROR_NON_31.EXE
D:\ERROR_NON_31(1)\DEBUG\ERROR_NON_31.PDB
D:\Error_Non_31\Debug\Test.obj
D:\Error_Non_31\Debug\Error_Non_31.ilk
D:\Error_Non_31\Debug\cl.command.1.tlog
D:\Error_Non_31\Debug\CL.read.1.tlog
D:\Error_Non_31\Debug\CL.write.1.tlog
D:\Error_Non_31\Debug\link-cvtres.read.1.tlog
D:\Error_Non_31\Debug\link-cvtres.write.1.tlog
D:\Error_Non_31\Debug\link-rc.read.1.tlog
D:\Error_Non_31\Debug\link-rc.write.1.tlog
D:\Error_Non_31\Debug\link.9140-cvtres.read.1.tlog
D:\Error_Non_31\Debug\link.9140-cvtres.write.1.tlog
D:\Error_Non_31\Debug\link.9140-rc.read.1.tlog
D:\Error_Non_31\Debug\link.9140-rc.write.1.tlog
D:\Error_Non_31\Debug\link.9140.read.1.tlog
D:\Error_Non_31\Debug\link.9140.write.1.tlog
D:\Error_Non_31\Debug\link.command.1.tlog
D:\Error_Non_31\Debug\link.read.1.tlog
D:\Error_Non_31\Debug\link.write.1.tlog
D:\Error_Non_31\Debug\vc110.idb
D:\Error_Non_31\Debug\Error_Non_31.pdb
D:\Error_Non_31\Debug\vc110.pdb
D:\Error_Non_31\Debug\Error_Non_31.exe
